warning: redefining global symbol: pi
when processing file: /home/chroma/Documents/bugwright2-ws/bugwright_ws/src/my_sim/models/CrawlerUGW/crawler.xacro
warning: redefining global symbol: pi
when processing file: /home/chroma/Documents/bugwright2-ws/bugwright_ws/src/my_sim/models/CrawlerUGW/crawler.xacro
[0m[ INFO] [1685482101.128241556]: Finished loading Gazebo ROS API Plugin.[0m
[0m[ INFO] [1685482101.129437950]: waitForService: Service [/gazebo/set_physics_properties] has not been advertised, waiting...[0m
[0m[ INFO] [1685482101.625582882]: waitForService: Service [/gazebo/set_physics_properties] is now available.[0m
[0m[ INFO] [1685482101.884454745, 0.150000000]: Physics dynamic reconfigure ready.[0m
[0m[ INFO] [1685482102.721943374, 0.337000000]: Laser Plugin: Using the 'robotNamespace' param: '/'[0m
[0m[ INFO] [1685482102.721977666, 0.337000000]: Starting Laser Plugin (ns = /)[0m
[0m[ INFO] [1685482102.723351146, 0.337000000]: Laser Plugin (ns = /)  <tf_prefix_>, set to ""[0m
[0m[ INFO] [1685482102.730482888, 0.337000000]: <robotNamespace> set to: //[0m
[0m[ INFO] [1685482102.730509100, 0.337000000]: <topicName> set to: /crawler1/imu[0m
[0m[ INFO] [1685482102.730518332, 0.337000000]: <frameName> set to: crawler_1/base_link[0m
[0m[ INFO] [1685482102.730539830, 0.337000000]: <updateRateHZ> set to: 10[0m
[0m[ INFO] [1685482102.730553854, 0.337000000]: <gaussianNoise> set to: 0[0m
[0m[ INFO] [1685482102.730578372, 0.337000000]: <xyzOffset> set to: 0 0 0[0m
[0m[ INFO] [1685482102.730607267, 0.337000000]: <rpyOffset> set to: 0 -0 0[0m
[0m[ INFO] [1685482102.742943715, 0.337000000]: NS UWBe1 UwbPlugin::Load crawler1 Tag 0 Publish TF 1[0m
NS UWBe1 Uwb topic: uwb
[0m[ INFO] [1685482102.743585267, 0.337000000]: NS TAG1 UwbPlugin::Load crawler1 Tag 1 Publish TF 0[0m
NS TAG1 Uwb topic: crawler1/uwb_sim
[33m[ WARN] [1685482102.753362814, 0.337000000]: DiffDrive(ns = //): missing <rosDebugLevel> default is na[0m
[33m[ WARN] [1685482102.754044223, 0.337000000]: DiffDrive(ns = //): missing <wheelAcceleration> default is 0[0m
[33m[ WARN] [1685482102.754081296, 0.337000000]: DiffDrive(ns = //): missing <wheelTorque> default is 5[0m
[0m[ INFO] [1685482102.753311238, 0.337000000]: Starting plugin DiffDrive(ns = //)[0m
[0m[ INFO] [1685482102.753881404, 0.337000000]: DiffDrive(ns = //): <tf_prefix> = [0m
[0m[ INFO] [1685482102.754236152, 0.337000000]: DiffDrive(ns = //): Try to subscribe to /crawler1/base_controller/cmd_vel[0m
[0m[ INFO] [1685482102.755884404, 0.337000000]: DiffDrive(ns = //): Subscribe to /crawler1/base_controller/cmd_vel[0m
[0m[ INFO] [1685482102.756325526, 0.337000000]: DiffDrive(ns = //): Advertise odom on /crawler1/odom [0m
[0m[ INFO] [1685482103.578422276, 0.538000000]: Laser Plugin: Using the 'robotNamespace' param: '/'[0m
[0m[ INFO] [1685482103.578447266, 0.538000000]: Starting Laser Plugin (ns = /)[0m
[0m[ INFO] [1685482103.579494373, 0.538000000]: Laser Plugin (ns = /)  <tf_prefix_>, set to ""[0m
[0m[ INFO] [1685482103.582058680, 0.538000000]: <robotNamespace> set to: //[0m
[0m[ INFO] [1685482103.582075446, 0.538000000]: <topicName> set to: /crawler0/imu[0m
[0m[ INFO] [1685482103.582104378, 0.538000000]: <frameName> set to: crawler_0/base_link[0m
[0m[ INFO] [1685482103.582118177, 0.538000000]: <updateRateHZ> set to: 10[0m
[0m[ INFO] [1685482103.582143536, 0.538000000]: <gaussianNoise> set to: 0[0m
[0m[ INFO] [1685482103.582160571, 0.538000000]: <xyzOffset> set to: 0 0 0[0m
[0m[ INFO] [1685482103.582172744, 0.538000000]: <rpyOffset> set to: 0 -0 0[0m
[0m[ INFO] [1685482103.587755352, 0.538000000]: NS UWBe0 UwbPlugin::Load crawler0 Tag 0 Publish TF 1[0m
NS UWBe0 Uwb topic: uwb
[0m[ INFO] [1685482103.587977433, 0.538000000]: NS TAG0 UwbPlugin::Load crawler0 Tag 1 Publish TF 0[0m
NS TAG0 Uwb topic: crawler0/uwb_sim
[33m[ WARN] [1685482103.589204451, 0.538000000]: DiffDrive(ns = //): missing <rosDebugLevel> default is na[0m
[33m[ WARN] [1685482103.589979899, 0.538000000]: DiffDrive(ns = //): missing <wheelAcceleration> default is 0[0m
[33m[ WARN] [1685482103.589998881, 0.538000000]: DiffDrive(ns = //): missing <wheelTorque> default is 5[0m
[ERROR] [1685482612.565325, 461.741000]: bad callback: <function handle_uwb at 0x7f076148c310>
Traceback (most recent call last):
  File "/opt/ros/noetic/lib/python3/dist-packages/rospy/topics.py", line 1085, in publish
    self.message_data_sent += b.tell() #STATS
ValueError: I/O operation on closed file.

During handling of the above exception, another exception occurred:

Traceback (most recent call last):
  File "/opt/ros/noetic/lib/python3/dist-packages/rospy/topics.py", line 750, in _invoke_callback
    cb(msg)
  File "/home/chroma/Documents/bugwright2-ws/bugwright_ws/src/my_sim/nodes/ugw_visualization.py", line 55, in handle_uwb
    markerPub.publish(marker)
  File "/opt/ros/noetic/lib/python3/dist-packages/rospy/topics.py", line 882, in publish
    self.impl.publish(data)
  File "/opt/ros/noetic/lib/python3/dist-packages/rospy/topics.py", line 1101, in publish
    raise ROSException("topic was closed during publish()")
rospy.exceptions.ROSException: topic was closed during publish()

[ERROR] [1685482612.824840, 461.911000]: Delete model service call failed: transport error completing service call: unable to receive data from sender, check sender's logs for details
[INFO] [1685482100.838116, 0.000000]: Loading model XML from ros parameter robot_description_crawler_0
[INFO] [1685482100.846061, 0.000000]: Waiting for service /gazebo/spawn_urdf_model
[INFO] [1685482101.754704, 0.098000]: Calling service /gazebo/spawn_urdf_model
[INFO] [1685482103.587684, 0.538000]: Spawn status: SpawnModel: Successfully spawned entity
[INFO] [1685482103.589210, 0.538000]: Waiting for shutdown to delete model crawler0
[INFO] [1685482612.528353, 461.723000]: Deleting model crawler0
[ERROR] [1685482612.824891, 461.911000]: Delete model service call failed: transport error completing service call: unable to receive data from sender, check sender's logs for details
[INFO] [1685482100.709108, 0.000000]: Loading model XML from ros parameter world_description
[INFO] [1685482100.719976, 0.000000]: Waiting for service /gazebo/spawn_urdf_model
[INFO] [1685482101.629705, 0.000000]: Calling service /gazebo/spawn_urdf_model
[INFO] [1685482101.874297, 0.139000]: Spawn status: SpawnModel: Successfully spawned entity
[INFO] [1685482101.879184, 0.144000]: Waiting for shutdown to delete model corrosion
[INFO] [1685482612.728056, 461.908000]: Deleting model corrosion
[ERROR] [1685482612.824890, 461.911000]: Delete model service call failed: transport error completing service call: unable to receive data from sender, check sender's logs for details
[INFO] [1685482100.775531, 0.000000]: Loading model XML from ros parameter robot_description_crawler_1
[INFO] [1685482100.780775, 0.000000]: Waiting for service /gazebo/spawn_urdf_model
[INFO] [1685482101.687253, 0.035000]: Calling service /gazebo/spawn_urdf_model
[INFO] [1685482102.733730, 0.337000]: Spawn status: SpawnModel: Successfully spawned entity
[INFO] [1685482102.734789, 0.337000]: Waiting for shutdown to delete model crawler1
[INFO] [1685482612.519179, 461.718000]: Deleting model crawler1
[31m[gazebo-2] escalating to SIGTERM[0m
... logging to /home/chroma/.ros/log/e52bcfaa-ff30-11ed-ac04-a1f748f19be9/roslaunch-chroma-HP-ProBook-650-G2-396397.log
Checking log directory for disk usage. This may take a while.
Press Ctrl-C to interrupt
Done checking log file disk usage. Usage is <1GB.
]2;/home/chroma/Documents/bugwright2-ws/bugwright_ws/src/my_sim/launch/crawler_ugw_with_uwb_simulation_spawn.launch
[1mstarted roslaunch server http://chroma-HP-ProBook-650-G2:42389/[0m

SUMMARY
========

PARAMETERS
 * /crawler0_gt/base_frame: crawler0_gt
 * /crawler0_gt/reference_frame: world
 * /crawler1_gt/base_frame: crawler1_gt
 * /crawler1_gt/reference_frame: world
 * /crawler_0_1_ugw_viz/base_frame: crawler_0/UWBe
 * /crawler_0_1_ugw_viz/tag_frame: crawler_1/UWBe
 * /crawler_0_1_ugw_viz/tag_name: crawler1
 * /gazebo/enable_ros_network: True
 * /og_viz/base_frame: UWBe
 * /og_viz/buddies/crawler0: crawler1
 * /og_viz/grid_height: 6
 * /og_viz/grid_resolution: 0.05
 * /og_viz/grid_width: 6
 * /og_viz/reference_frame: world
 * /robot_description_crawler_0: <?xml version="1....
 * /robot_description_crawler_1: <?xml version="1....
 * /robot_state_publisher_crawler_0/publish_frequency: 10.0
 * /robot_state_publisher_crawler_0/tf_prefix: crawler_0
 * /robot_state_publisher_crawler_1/publish_frequency: 10.0
 * /robot_state_publisher_crawler_1/tf_prefix: crawler_1
 * /robot_state_publisher_world/publish_frequency: 1.0
 * /rosdistro: noetic
 * /rosversion: 1.16.0
 * /use_sim_time: True
 * /world_description: <?xml version="1....

NODES
  /
    crawler0_gt (my_sim/pose_to_tf.py)
    crawler1_gt (my_sim/pose_to_tf.py)
    crawler_0_1_ugw_viz (my_sim/ugw_visualization.py)
    gazebo (gazebo_ros/gzserver)
    og_viz (my_sim/occgrid_visualization.py)
    robot_state_publisher_crawler_0 (robot_state_publisher/robot_state_publisher)
    robot_state_publisher_crawler_1 (robot_state_publisher/robot_state_publisher)
    robot_state_publisher_world (robot_state_publisher/robot_state_publisher)
    rviz (rviz/rviz)
    spawn_corrosion (gazebo_ros/spawn_model)
    spawn_crawler_0 (gazebo_ros/spawn_model)
    spawn_crawler_1 (gazebo_ros/spawn_model)
    world_to_world_tf (tf2_ros/static_transform_publisher)

auto-starting new master
[1mprocess[master]: started with pid [396433][0m
[1mROS_MASTER_URI=http://localhost:11311[0m
]2;/home/chroma/Documents/bugwright2-ws/bugwright_ws/src/my_sim/launch/crawler_ugw_with_uwb_simulation_spawn.launch http://localhost:11311
[1msetting /run_id to e52bcfaa-ff30-11ed-ac04-a1f748f19be9[0m
[1mprocess[rosout-1]: started with pid [396450][0m
started core service [/rosout]
[1mprocess[gazebo-2]: started with pid [396457][0m
[1mprocess[spawn_corrosion-3]: started with pid [396461][0m
[1mprocess[robot_state_publisher_world-4]: started with pid [396463][0m
[1mprocess[world_to_world_tf-5]: started with pid [396464][0m
[1mprocess[spawn_crawler_0-6]: started with pid [396465][0m
[1mprocess[robot_state_publisher_crawler_0-7]: started with pid [396470][0m
[1mprocess[spawn_crawler_1-8]: started with pid [396476][0m
[1mprocess[robot_state_publisher_crawler_1-9]: started with pid [396477][0m
[1mprocess[crawler0_gt-10]: started with pid [396480][0m
[1mprocess[crawler1_gt-11]: started with pid [396485][0m
[1mprocess[crawler_0_1_ugw_viz-12]: started with pid [396491][0m
[1mprocess[og_viz-13]: started with pid [396502][0m
[1mprocess[rviz-14]: started with pid [396503][0m
[og_viz-13] killing on exit
[rviz-14] killing on exit
[crawler1_gt-11] killing on exit
[robot_state_publisher_crawler_1-9] killing on exit
[crawler0_gt-10] killing on exit
[spawn_crawler_1-8] killing on exit
[crawler_0_1_ugw_viz-12] killing on exit
[world_to_world_tf-5] killing on exit
[spawn_crawler_0-6] killing on exit
[robot_state_publisher_crawler_0-7] killing on exit
[robot_state_publisher_world-4] killing on exit
[spawn_corrosion-3] killing on exit
[gazebo-2] killing on exit
[rosout-1] killing on exit
[master] killing on exit
shutting down processing monitor...
... shutting down processing monitor complete
[1mdone[0m
