warning: redefining global symbol: pi
when processing file: /home/chroma/Documents/bugwright2-ws/bugwright_ws/src/my_sim/models/CrawlerUGW/crawler.xacro
warning: redefining global symbol: pi
when processing file: /home/chroma/Documents/bugwright2-ws/bugwright_ws/src/my_sim/models/CrawlerUGW/crawler.xacro
[0m[ INFO] [1685381395.518300492]: Finished loading Gazebo ROS API Plugin.[0m
[0m[ INFO] [1685381395.519484166]: waitForService: Service [/gazebo/set_physics_properties] has not been advertised, waiting...[0m
[0m[ INFO] [1685381395.974321676]: waitForService: Service [/gazebo/set_physics_properties] is now available.[0m
[0m[ INFO] [1685381396.230612134, 0.164000000]: Physics dynamic reconfigure ready.[0m
[0m[ INFO] [1685381397.049559507, 0.355000000]: Laser Plugin: Using the 'robotNamespace' param: '/'[0m
[0m[ INFO] [1685381397.049594065, 0.355000000]: Starting Laser Plugin (ns = /)[0m
[0m[ INFO] [1685381397.051153203, 0.355000000]: Laser Plugin (ns = /)  <tf_prefix_>, set to ""[0m
[0m[ INFO] [1685381397.058536345, 0.355000000]: <robotNamespace> set to: //[0m
[0m[ INFO] [1685381397.058566177, 0.355000000]: <topicName> set to: /crawler0/imu[0m
[0m[ INFO] [1685381397.058592911, 0.355000000]: <frameName> set to: crawler_0/base_link[0m
[0m[ INFO] [1685381397.058639369, 0.355000000]: <updateRateHZ> set to: 10[0m
[0m[ INFO] [1685381397.058673804, 0.355000000]: <gaussianNoise> set to: 0[0m
[0m[ INFO] [1685381397.058731567, 0.355000000]: <xyzOffset> set to: 0 0 0[0m
[0m[ INFO] [1685381397.058796754, 0.355000000]: <rpyOffset> set to: 0 -0 0[0m
[0m[ INFO] [1685381397.071781786, 0.355000000]: NS UWBe0 UwbPlugin::Load crawler0 Tag 0 Publish TF 1[0m
NS UWBe0 Uwb topic: uwb
[0m[ INFO] [1685381397.072597524, 0.355000000]: NS TAG0 UwbPlugin::Load crawler0 Tag 1 Publish TF 0[0m
NS TAG0 Uwb topic: crawler0/uwb_sim
[33m[ WARN] [1685381397.083259662, 0.355000000]: DiffDrive(ns = //): missing <rosDebugLevel> default is na[0m
[33m[ WARN] [1685381397.084200739, 0.355000000]: DiffDrive(ns = //): missing <wheelAcceleration> default is 0[0m
[33m[ WARN] [1685381397.084237134, 0.355000000]: DiffDrive(ns = //): missing <wheelTorque> default is 5[0m
[0m[ INFO] [1685381397.083214272, 0.355000000]: Starting plugin DiffDrive(ns = //)[0m
[0m[ INFO] [1685381397.084007203, 0.355000000]: DiffDrive(ns = //): <tf_prefix> = [0m
[0m[ INFO] [1685381397.084426028, 0.355000000]: DiffDrive(ns = //): Try to subscribe to /crawler0/base_controller/cmd_vel[0m
[0m[ INFO] [1685381397.087379622, 0.355000000]: DiffDrive(ns = //): Subscribe to /crawler0/base_controller/cmd_vel[0m
[0m[ INFO] [1685381397.087962840, 0.355000000]: DiffDrive(ns = //): Advertise odom on /crawler0/odom [0m
[0m[ INFO] [1685381397.917412528, 0.554000000]: Laser Plugin: Using the 'robotNamespace' param: '/'[0m
[0m[ INFO] [1685381397.917467211, 0.554000000]: Starting Laser Plugin (ns = /)[0m
[0m[ INFO] [1685381397.918815264, 0.554000000]: Laser Plugin (ns = /)  <tf_prefix_>, set to ""[0m
[0m[ INFO] [1685381397.921201731, 0.554000000]: <robotNamespace> set to: //[0m
[0m[ INFO] [1685381397.921243221, 0.554000000]: <topicName> set to: /crawler1/imu[0m
[0m[ INFO] [1685381397.921259623, 0.554000000]: <frameName> set to: crawler_1/base_link[0m
[0m[ INFO] [1685381397.921303371, 0.554000000]: <updateRateHZ> set to: 10[0m
[0m[ INFO] [1685381397.921326374, 0.554000000]: <gaussianNoise> set to: 0[0m
[0m[ INFO] [1685381397.921392869, 0.554000000]: <xyzOffset> set to: 0 0 0[0m
[0m[ INFO] [1685381397.921420900, 0.554000000]: <rpyOffset> set to: 0 -0 0[0m
[0m[ INFO] [1685381397.928213399, 0.554000000]: NS UWBe1 UwbPlugin::Load crawler1 Tag 0 Publish TF 1[0m
NS UWBe1 Uwb topic: uwb
[0m[ INFO] [1685381397.928485005, 0.554000000]: NS TAG1 UwbPlugin::Load crawler1 Tag 1 Publish TF 0[0m
NS TAG1 Uwb topic: crawler1/uwb_sim
[33m[ WARN] [1685381397.929689113, 0.554000000]: DiffDrive(ns = //): missing <rosDebugLevel> default is na[0m
[33m[ WARN] [1685381397.930688318, 0.554000000]: DiffDrive(ns = //): missing <wheelAcceleration> default is 0[0m
[33m[ WARN] [1685381397.930748717, 0.554000000]: DiffDrive(ns = //): missing <wheelTorque> default is 5[0m
[ERROR] [1685381399.056355, 1.665000]: bad callback: <function handle_uwb at 0x7fbd93949280>
Traceback (most recent call last):
  File "/opt/ros/noetic/lib/python3/dist-packages/rospy/topics.py", line 748, in _invoke_callback
    cb(msg, cb_args)
  File "/home/chroma/Documents/bugwright2-ws/bugwright_ws/src/my_sim/nodes/occgrid_visualization.py", line 40, in handle_uwb
    listener.waitForTransform('/' + str(reference_frame), tag, msg.header.stamp, rospy.Duration(1.0))
  File "/opt/ros/noetic/lib/python3/dist-packages/tf/listener.py", line 76, in waitForTransform
    raise tf2_ros.TransformException(error_msg or "no such transformation: \"{}\" -> \"{}\"".format(source_frame, target_frame))
tf2.TransformException: Lookup would require extrapolation 0.098000000s into the past.  Requested time 0.555000000 but the earliest data is at time 0.653000000, when looking up transform from frame [crawler_1/UWBe] to frame [world]

[ERROR] [1685383765.018093, 2158.962000]: bad callback: <function handle_uwb at 0x7fbd93949280>
Traceback (most recent call last):
  File "/opt/ros/noetic/lib/python3/dist-packages/rospy/topics.py", line 1085, in publish
    self.message_data_sent += b.tell() #STATS
ValueError: I/O operation on closed file.

During handling of the above exception, another exception occurred:

Traceback (most recent call last):
  File "/opt/ros/noetic/lib/python3/dist-packages/rospy/topics.py", line 748, in _invoke_callback
    cb(msg, cb_args)
  File "/home/chroma/Documents/bugwright2-ws/bugwright_ws/src/my_sim/nodes/occgrid_visualization.py", line 51, in handle_uwb
    occ_grid.publish(pub_occ_grid, msg.header.stamp)
  File "/home/chroma/Documents/bugwright2-ws/bugwright_ws/src/my_sim/nodes/CrawlerOccupancyGrid.py", line 110, in publish
    pub.publish(ocg)
  File "/opt/ros/noetic/lib/python3/dist-packages/rospy/topics.py", line 882, in publish
    self.impl.publish(data)
  File "/opt/ros/noetic/lib/python3/dist-packages/rospy/topics.py", line 1101, in publish
    raise ROSException("topic was closed during publish()")
rospy.exceptions.ROSException: topic was closed during publish()

[ERROR] [1685381398.948100, 1.557000]: bad callback: <function handle_uwb at 0x7f9a82958310>
Traceback (most recent call last):
  File "/opt/ros/noetic/lib/python3/dist-packages/rospy/topics.py", line 750, in _invoke_callback
    cb(msg)
  File "/home/chroma/Documents/bugwright2-ws/bugwright_ws/src/my_sim/nodes/ugw_visualization.py", line 21, in handle_uwb
    listener.waitForTransform(base_frame, tag_frame, msg.header.stamp,rospy.Duration(1.0))
  File "/opt/ros/noetic/lib/python3/dist-packages/tf/listener.py", line 76, in waitForTransform
    raise tf2_ros.TransformException(error_msg or "no such transformation: \"{}\" -> \"{}\"".format(source_frame, target_frame))
tf2.TransformException: Lookup would require extrapolation 0.098000000s into the past.  Requested time 0.555000000 but the earliest data is at time 0.653000000, when looking up transform from frame [crawler_1/UWBe] to frame [crawler_0/UWBe]

[ERROR] [1685383765.303747, 2159.158000]: Delete model service call failed: transport error completing service call: unable to receive data from sender, check sender's logs for details
[INFO] [1685381395.114984, 0.000000]: Loading model XML from ros parameter robot_description_crawler_0
[INFO] [1685381395.120926, 0.000000]: Waiting for service /gazebo/spawn_urdf_model
[INFO] [1685381396.027956, 0.000000]: Calling service /gazebo/spawn_urdf_model
[INFO] [1685381397.060988, 0.355000]: Spawn status: SpawnModel: Successfully spawned entity
[INFO] [1685381397.062302, 0.355000]: Waiting for shutdown to delete model crawler0
[INFO] [1685383765.000388, 2158.956000]: Deleting model crawler0
[ERROR] [1685383765.303744, 2159.158000]: Delete model service call failed: transport error completing service call: unable to receive data from sender, check sender's logs for details
[INFO] [1685381395.211908, 0.000000]: Loading model XML from ros parameter robot_description_crawler_1
[INFO] [1685381395.219643, 0.000000]: Waiting for service /gazebo/spawn_urdf_model
[INFO] [1685381396.127126, 0.127000]: Calling service /gazebo/spawn_urdf_model
[INFO] [1685381397.928124, 0.554000]: Spawn status: SpawnModel: Successfully spawned entity
[INFO] [1685381397.930222, 0.554000]: Waiting for shutdown to delete model crawler1
[INFO] [1685383765.000504, 2158.955000]: Deleting model crawler1
[ERROR] [1685383765.303843, 2159.158000]: Delete model service call failed: transport error completing service call: unable to receive data from sender, check sender's logs for details
[INFO] [1685381395.066011, 0.000000]: Loading model XML from ros parameter world_description
[INFO] [1685381395.073108, 0.000000]: Waiting for service /gazebo/spawn_urdf_model
[INFO] [1685381395.981218, 0.000000]: Calling service /gazebo/spawn_urdf_model
[INFO] [1685381396.221626, 0.155000]: Spawn status: SpawnModel: Successfully spawned entity
[INFO] [1685381396.224263, 0.157000]: Waiting for shutdown to delete model corrosion
[INFO] [1685383765.102273, 2159.057000]: Deleting model corrosion
[31m[gazebo-2] escalating to SIGTERM[0m
... logging to /home/chroma/.ros/log/6bec0564-fe46-11ed-ac04-a1f748f19be9/roslaunch-chroma-HP-ProBook-650-G2-298717.log
Checking log directory for disk usage. This may take a while.
Press Ctrl-C to interrupt
Done checking log file disk usage. Usage is <1GB.
]2;/home/chroma/Documents/bugwright2-ws/bugwright_ws/src/my_sim/launch/crawler_ugw_with_uwb_simulation_spawn.launch
[1mstarted roslaunch server http://chroma-HP-ProBook-650-G2:42701/[0m

SUMMARY
========

PARAMETERS
 * /crawler0_gt/base_frame: crawler0_gt
 * /crawler0_gt/reference_frame: world
 * /crawler1_gt/base_frame: crawler1_gt
 * /crawler1_gt/reference_frame: world
 * /crawler_0_1_ugw_viz/base_frame: crawler_0/UWBe
 * /crawler_0_1_ugw_viz/tag_frame: crawler_1/UWBe
 * /crawler_0_1_ugw_viz/tag_name: crawler1
 * /gazebo/enable_ros_network: True
 * /og_viz/base_frame: UWBe
 * /og_viz/buddies/crawler0: crawler1
 * /og_viz/grid_height: 6
 * /og_viz/grid_resolution: 0.05
 * /og_viz/grid_width: 6
 * /og_viz/reference_frame: world
 * /robot_description_crawler_0: <?xml version="1....
 * /robot_description_crawler_1: <?xml version="1....
 * /robot_state_publisher_crawler_0/publish_frequency: 10.0
 * /robot_state_publisher_crawler_0/tf_prefix: crawler_0
 * /robot_state_publisher_crawler_1/publish_frequency: 10.0
 * /robot_state_publisher_crawler_1/tf_prefix: crawler_1
 * /robot_state_publisher_world/publish_frequency: 1.0
 * /rosdistro: noetic
 * /rosversion: 1.16.0
 * /use_sim_time: True
 * /world_description: <?xml version="1....

NODES
  /
    crawler0_gt (my_sim/pose_to_tf.py)
    crawler1_gt (my_sim/pose_to_tf.py)
    crawler_0_1_ugw_viz (my_sim/ugw_visualization.py)
    gazebo (gazebo_ros/gzserver)
    og_viz (my_sim/occgrid_visualization.py)
    robot_state_publisher_crawler_0 (robot_state_publisher/robot_state_publisher)
    robot_state_publisher_crawler_1 (robot_state_publisher/robot_state_publisher)
    robot_state_publisher_world (robot_state_publisher/robot_state_publisher)
    rviz (rviz/rviz)
    spawn_corrosion (gazebo_ros/spawn_model)
    spawn_crawler_0 (gazebo_ros/spawn_model)
    spawn_crawler_1 (gazebo_ros/spawn_model)
    world_to_world_tf (tf2_ros/static_transform_publisher)

auto-starting new master
[1mprocess[master]: started with pid [298753][0m
[1mROS_MASTER_URI=http://localhost:11311[0m
]2;/home/chroma/Documents/bugwright2-ws/bugwright_ws/src/my_sim/launch/crawler_ugw_with_uwb_simulation_spawn.launch http://localhost:11311
[1msetting /run_id to 6bec0564-fe46-11ed-ac04-a1f748f19be9[0m
[1mprocess[rosout-1]: started with pid [298770][0m
started core service [/rosout]
[1mprocess[gazebo-2]: started with pid [298777][0m
[1mprocess[spawn_corrosion-3]: started with pid [298781][0m
[1mprocess[robot_state_publisher_world-4]: started with pid [298783][0m
[1mprocess[world_to_world_tf-5]: started with pid [298784][0m
[1mprocess[spawn_crawler_0-6]: started with pid [298785][0m
[1mprocess[robot_state_publisher_crawler_0-7]: started with pid [298790][0m
[1mprocess[spawn_crawler_1-8]: started with pid [298796][0m
[1mprocess[robot_state_publisher_crawler_1-9]: started with pid [298798][0m
[1mprocess[crawler0_gt-10]: started with pid [298800][0m
[1mprocess[crawler1_gt-11]: started with pid [298806][0m
[1mprocess[crawler_0_1_ugw_viz-12]: started with pid [298812][0m
[1mprocess[og_viz-13]: started with pid [298822][0m
[1mprocess[rviz-14]: started with pid [298823][0m
[rviz-14] killing on exit
[og_viz-13] killing on exit
[crawler_0_1_ugw_viz-12] killing on exit
[crawler1_gt-11] killing on exit
[crawler0_gt-10] killing on exit
[spawn_crawler_0-6] killing on exit
[robot_state_publisher_crawler_1-9] killing on exit
[spawn_crawler_1-8] killing on exit
[robot_state_publisher_crawler_0-7] killing on exit
[world_to_world_tf-5] killing on exit
[robot_state_publisher_world-4] killing on exit
[spawn_corrosion-3] killing on exit
[gazebo-2] killing on exit
[rosout-1] killing on exit
[master] killing on exit
shutting down processing monitor...
... shutting down processing monitor complete
[1mdone[0m
