warning: redefining global symbol: pi
when processing file: /home/chroma/Documents/bugwright2-ws/bugwright_ws/src/my_sim/models/CrawlerUGW/crawler.xacro
warning: redefining global symbol: pi
when processing file: /home/chroma/Documents/bugwright2-ws/bugwright_ws/src/my_sim/models/CrawlerUGW/crawler.xacro
[0m[ INFO] [1685262515.139473668]: Finished loading Gazebo ROS API Plugin.[0m
[0m[ INFO] [1685262515.141397791]: waitForService: Service [/gazebo/set_physics_properties] has not been advertised, waiting...[0m
[0m[ INFO] [1685262515.638465569]: waitForService: Service [/gazebo/set_physics_properties] is now available.[0m
[0m[ INFO] [1685262515.663407649, 0.023000000]: Physics dynamic reconfigure ready.[0m
[0m[ INFO] [1685262516.709277439, 0.359000000]: Laser Plugin: Using the 'robotNamespace' param: '/'[0m
[0m[ INFO] [1685262516.709329732, 0.359000000]: Starting Laser Plugin (ns = /)[0m
[0m[ INFO] [1685262516.710995379, 0.359000000]: Laser Plugin (ns = /)  <tf_prefix_>, set to ""[0m
[0m[ INFO] [1685262516.722456333, 0.359000000]: <robotNamespace> set to: //[0m
[0m[ INFO] [1685262516.722494136, 0.359000000]: <topicName> set to: /crawler1/imu[0m
[0m[ INFO] [1685262516.722530516, 0.359000000]: <frameName> set to: crawler_1/base_link[0m
[0m[ INFO] [1685262516.722578997, 0.359000000]: <updateRateHZ> set to: 10[0m
[0m[ INFO] [1685262516.722602474, 0.359000000]: <gaussianNoise> set to: 0[0m
[0m[ INFO] [1685262516.722636493, 0.359000000]: <xyzOffset> set to: 0 0 0[0m
[0m[ INFO] [1685262516.722736467, 0.359000000]: <rpyOffset> set to: 0 -0 0[0m
[0m[ INFO] [1685262516.733136288, 0.359000000]: NS UWBe1 UwbPlugin::Load crawler1 Tag 0 Publish TF 1[0m
NS UWBe1 Uwb topic: uwb
[0m[ INFO] [1685262516.733773273, 0.359000000]: NS TAG1 UwbPlugin::Load crawler1 Tag 1 Publish TF 0[0m
NS TAG1 Uwb topic: crawler1/uwb_sim
[33m[ WARN] [1685262516.743875149, 0.359000000]: DiffDrive(ns = //): missing <rosDebugLevel> default is na[0m
[33m[ WARN] [1685262516.744840601, 0.359000000]: DiffDrive(ns = //): missing <wheelAcceleration> default is 0[0m
[33m[ WARN] [1685262516.744874937, 0.359000000]: DiffDrive(ns = //): missing <wheelTorque> default is 5[0m
[0m[ INFO] [1685262516.743829232, 0.359000000]: Starting plugin DiffDrive(ns = //)[0m
[0m[ INFO] [1685262516.744652651, 0.359000000]: DiffDrive(ns = //): <tf_prefix> = [0m
[0m[ INFO] [1685262516.745023304, 0.359000000]: DiffDrive(ns = //): Try to subscribe to /crawler1/base_controller/cmd_vel[0m
[0m[ INFO] [1685262516.747549033, 0.359000000]: DiffDrive(ns = //): Subscribe to /crawler1/base_controller/cmd_vel[0m
[0m[ INFO] [1685262516.748246542, 0.359000000]: DiffDrive(ns = //): Advertise odom on /crawler1/odom [0m
[0m[ INFO] [1685262517.584046936, 0.559000000]: Laser Plugin: Using the 'robotNamespace' param: '/'[0m
[0m[ INFO] [1685262517.584072389, 0.559000000]: Starting Laser Plugin (ns = /)[0m
[0m[ INFO] [1685262517.585029199, 0.559000000]: Laser Plugin (ns = /)  <tf_prefix_>, set to ""[0m
[0m[ INFO] [1685262517.586487228, 0.559000000]: <robotNamespace> set to: //[0m
[0m[ INFO] [1685262517.586504321, 0.559000000]: <topicName> set to: /crawler0/imu[0m
[0m[ INFO] [1685262517.586513360, 0.559000000]: <frameName> set to: crawler_0/base_link[0m
[0m[ INFO] [1685262517.586546425, 0.559000000]: <updateRateHZ> set to: 10[0m
[0m[ INFO] [1685262517.586558399, 0.559000000]: <gaussianNoise> set to: 0[0m
[0m[ INFO] [1685262517.586576739, 0.559000000]: <xyzOffset> set to: 0 0 0[0m
[0m[ INFO] [1685262517.586590791, 0.559000000]: <rpyOffset> set to: 0 -0 0[0m
[0m[ INFO] [1685262517.593213144, 0.559000000]: NS UWBe0 UwbPlugin::Load crawler0 Tag 0 Publish TF 1[0m
NS UWBe0 Uwb topic: uwb
[0m[ INFO] [1685262517.593533590, 0.559000000]: NS TAG0 UwbPlugin::Load crawler0 Tag 1 Publish TF 0[0m
NS TAG0 Uwb topic: crawler0/uwb_sim
[33m[ WARN] [1685262517.594531491, 0.559000000]: DiffDrive(ns = //): missing <rosDebugLevel> default is na[0m
[33m[ WARN] [1685262517.595264401, 0.559000000]: DiffDrive(ns = //): missing <wheelAcceleration> default is 0[0m
[33m[ WARN] [1685262517.595327743, 0.559000000]: DiffDrive(ns = //): missing <wheelTorque> default is 5[0m
[ERROR] [1685262907.365286, 358.765000]: bad callback: <function handle_uwb at 0x7f1897d04280>
Traceback (most recent call last):
  File "/opt/ros/noetic/lib/python3/dist-packages/rospy/topics.py", line 1085, in publish
    self.message_data_sent += b.tell() #STATS
ValueError: I/O operation on closed file.

During handling of the above exception, another exception occurred:

Traceback (most recent call last):
  File "/opt/ros/noetic/lib/python3/dist-packages/rospy/topics.py", line 748, in _invoke_callback
    cb(msg, cb_args)
  File "/home/chroma/Documents/bugwright2-ws/bugwright_ws/src/my_sim/nodes/occgrid_visualization.py", line 51, in handle_uwb
    occ_grid.publish(pub_occ_grid, msg.header.stamp)
  File "/home/chroma/Documents/bugwright2-ws/bugwright_ws/src/my_sim/nodes/CrawlerOccupancyGrid.py", line 110, in publish
    pub.publish(ocg)
  File "/opt/ros/noetic/lib/python3/dist-packages/rospy/topics.py", line 882, in publish
    self.impl.publish(data)
  File "/opt/ros/noetic/lib/python3/dist-packages/rospy/topics.py", line 1101, in publish
    raise ROSException("topic was closed during publish()")
rospy.exceptions.ROSException: topic was closed during publish()

[ERROR] [1685262907.602435, 358.938000]: Delete model service call failed: transport error completing service call: unable to receive data from sender, check sender's logs for details
[INFO] [1685262514.851636, 0.000000]: Loading model XML from ros parameter robot_description_crawler_0
[INFO] [1685262514.861889, 0.000000]: Waiting for service /gazebo/spawn_urdf_model
[INFO] [1685262515.768560, 0.122000]: Calling service /gazebo/spawn_urdf_model
[INFO] [1685262517.593104, 0.559000]: Spawn status: SpawnModel: Successfully spawned entity
[INFO] [1685262517.594735, 0.559000]: Waiting for shutdown to delete model crawler0
[INFO] [1685262907.322024, 358.735000]: Deleting model crawler0
[ERROR] [1685262907.602489, 358.938000]: Delete model service call failed: transport error completing service call: unable to receive data from sender, check sender's logs for details
[INFO] [1685262514.840481, 0.000000]: Loading model XML from ros parameter robot_description_crawler_1
[INFO] [1685262514.849367, 0.000000]: Waiting for service /gazebo/spawn_urdf_model
[INFO] [1685262515.764259, 0.118000]: Calling service /gazebo/spawn_urdf_model
[INFO] [1685262516.724514, 0.359000]: Spawn status: SpawnModel: Successfully spawned entity
[INFO] [1685262516.725676, 0.359000]: Waiting for shutdown to delete model crawler1
[INFO] [1685262907.322381, 358.735000]: Deleting model crawler1
[ERROR] [1685262907.602489, 358.938000]: Delete model service call failed: transport error completing service call: unable to receive data from sender, check sender's logs for details
[INFO] [1685262514.828080, 0.000000]: Loading model XML from ros parameter world_description
[INFO] [1685262514.837691, 0.000000]: Waiting for service /gazebo/spawn_urdf_model
[INFO] [1685262515.749466, 0.103000]: Calling service /gazebo/spawn_urdf_model
[INFO] [1685262515.868133, 0.159000]: Spawn status: SpawnModel: Successfully spawned entity
[INFO] [1685262515.870015, 0.161000]: Waiting for shutdown to delete model corrosion
[INFO] [1685262907.524986, 358.936000]: Deleting model corrosion
[31m[gazebo-2] escalating to SIGTERM[0m
... logging to /home/chroma/.ros/log/a1bf0896-fd31-11ed-ac04-a1f748f19be9/roslaunch-chroma-HP-ProBook-650-G2-73030.log
Checking log directory for disk usage. This may take a while.
Press Ctrl-C to interrupt
Done checking log file disk usage. Usage is <1GB.
]2;/home/chroma/Documents/bugwright2-ws/bugwright_ws/src/my_sim/launch/crawler_ugw_with_uwb_simulation_spawn.launch
[1mstarted roslaunch server http://chroma-HP-ProBook-650-G2:38201/[0m

SUMMARY
========

PARAMETERS
 * /crawler0_gt/base_frame: crawler0_gt
 * /crawler0_gt/reference_frame: world
 * /crawler1_gt/base_frame: crawler1_gt
 * /crawler1_gt/reference_frame: world
 * /crawler_0_1_ugw_viz/base_frame: crawler_0/UWBe
 * /crawler_0_1_ugw_viz/tag_frame: crawler_1/UWBe
 * /crawler_0_1_ugw_viz/tag_name: crawler1
 * /gazebo/enable_ros_network: True
 * /og_viz/base_frame: UWBe
 * /og_viz/buddies/crawler0: crawler1
 * /og_viz/grid_height: 6
 * /og_viz/grid_resolution: 0.05
 * /og_viz/grid_width: 6
 * /og_viz/reference_frame: world
 * /robot_description_crawler_0: <?xml version="1....
 * /robot_description_crawler_1: <?xml version="1....
 * /robot_state_publisher_crawler_0/publish_frequency: 10.0
 * /robot_state_publisher_crawler_0/tf_prefix: crawler_0
 * /robot_state_publisher_crawler_1/publish_frequency: 10.0
 * /robot_state_publisher_crawler_1/tf_prefix: crawler_1
 * /robot_state_publisher_world/publish_frequency: 1.0
 * /rosdistro: noetic
 * /rosversion: 1.16.0
 * /use_sim_time: True
 * /world_description: <?xml version="1....

NODES
  /
    crawler0_gt (my_sim/pose_to_tf.py)
    crawler1_gt (my_sim/pose_to_tf.py)
    crawler_0_1_ugw_viz (my_sim/ugw_visualization.py)
    gazebo (gazebo_ros/gzserver)
    og_viz (my_sim/occgrid_visualization.py)
    robot_state_publisher_crawler_0 (robot_state_publisher/robot_state_publisher)
    robot_state_publisher_crawler_1 (robot_state_publisher/robot_state_publisher)
    robot_state_publisher_world (robot_state_publisher/robot_state_publisher)
    rviz (rviz/rviz)
    spawn_corrosion (gazebo_ros/spawn_model)
    spawn_crawler_0 (gazebo_ros/spawn_model)
    spawn_crawler_1 (gazebo_ros/spawn_model)
    world_to_world_tf (tf2_ros/static_transform_publisher)

auto-starting new master
[1mprocess[master]: started with pid [73066][0m
[1mROS_MASTER_URI=http://localhost:11311[0m
]2;/home/chroma/Documents/bugwright2-ws/bugwright_ws/src/my_sim/launch/crawler_ugw_with_uwb_simulation_spawn.launch http://localhost:11311
[1msetting /run_id to a1bf0896-fd31-11ed-ac04-a1f748f19be9[0m
[1mprocess[rosout-1]: started with pid [73083][0m
started core service [/rosout]
[1mprocess[gazebo-2]: started with pid [73090][0m
[1mprocess[spawn_corrosion-3]: started with pid [73094][0m
[1mprocess[robot_state_publisher_world-4]: started with pid [73096][0m
[1mprocess[world_to_world_tf-5]: started with pid [73097][0m
[1mprocess[spawn_crawler_0-6]: started with pid [73098][0m
[1mprocess[robot_state_publisher_crawler_0-7]: started with pid [73103][0m
[1mprocess[spawn_crawler_1-8]: started with pid [73109][0m
[1mprocess[robot_state_publisher_crawler_1-9]: started with pid [73112][0m
[1mprocess[crawler0_gt-10]: started with pid [73113][0m
[1mprocess[crawler1_gt-11]: started with pid [73119][0m
[1mprocess[crawler_0_1_ugw_viz-12]: started with pid [73125][0m
[1mprocess[og_viz-13]: started with pid [73135][0m
[1mprocess[rviz-14]: started with pid [73136][0m
[rviz-14] killing on exit
[og_viz-13] killing on exit
[crawler0_gt-10] killing on exit
[crawler_0_1_ugw_viz-12] killing on exit
[crawler1_gt-11] killing on exit
[robot_state_publisher_crawler_1-9] killing on exit
[spawn_crawler_1-8] killing on exit
[robot_state_publisher_crawler_0-7] killing on exit
[spawn_crawler_0-6] killing on exit
[world_to_world_tf-5] killing on exit
[robot_state_publisher_world-4] killing on exit
[spawn_corrosion-3] killing on exit
[gazebo-2] killing on exit
[rosout-1] killing on exit
[master] killing on exit
shutting down processing monitor...
... shutting down processing monitor complete
[1mdone[0m
